 
****************************************
Report : area
Design : aes_cipher_top
Version: V-2023.12-SP1
Date   : Tue Mar 25 17:25:43 2025
****************************************

Information: Updating design information... (UID-85)
Library(s) Used:

    CORE65LPSVT (File: /export/home/stud/s337217/WORK_SYNTHESIS/tech/STcmos65/CORE65LPSVT_bc_1.30V_m40C.db)

Number of ports:                          388
Number of nets:                          9628
Number of cells:                         9369
Number of combinational cells:           8839
Number of sequential cells:               530
Number of macros/black boxes:               0
Number of buf/inv:                       1207
Number of references:                     207

Combinational area:              29743.479490
Buf/Inv area:                     1987.439927
Noncombinational area:            4501.120025
Macro/Black Box area:                0.000000
Net Interconnect area:      undefined  (Wire load has zero net area)

Total cell area:                 34244.599515
Total area:                 undefined
1
