 
****************************************
Report : power
        -analysis_effort low
Design : aes_cipher_top
Version: V-2023.12-SP1
Date   : Tue Mar 25 16:30:07 2025
****************************************


Library(s) Used:

    CORE65LPSVT (File: /export/home/stud/s337217/WORK_SYNTHESIS/tech/STcmos65/CORE65LPSVT_nom_1.20V_25C.db)


Operating Conditions: nom_1.20V_25C   Library: CORE65LPSVT
Wire Load Model Mode: enclosed

Design        Wire Load Model            Library
------------------------------------------------
aes_cipher_top         area_12Kto18K     CORE65LPSVT


Global Operating Voltage = 1.2  
Power-specific unit information :
    Voltage Units = 1V
    Capacitance Units = 1.000000pf
    Time Units = 1ns
    Dynamic Power Units = 1mW    (derived from V,C,T units)
    Leakage Power Units = 1mW


Attributes
----------
i - Including register clock pin internal power


  Cell Internal Power  =   4.4486 mW   (59%)
  Net Switching Power  =   3.0946 mW   (41%)
                         ---------
Total Dynamic Power    =   7.5431 mW  (100%)

Cell Leakage Power     =   1.4915 uW


                 Internal         Switching           Leakage            Total
Power Group      Power            Power               Power              Power   (   %    )  Attrs
--------------------------------------------------------------------------------------------------
io_pad             0.0000            0.0000            0.0000            0.0000  (   0.00%)
memory             0.0000            0.0000            0.0000            0.0000  (   0.00%)
black_box          0.0000            0.0000            0.0000            0.0000  (   0.00%)
clock_network      2.5211            0.0000            0.0000            2.5211  (  33.42%)  i
register           0.8748            0.5659        4.7006e-04            1.4411  (  19.10%)
sequential         0.0000            0.0000            0.0000            0.0000  (   0.00%)
combinational      1.0527            2.5287        1.0214e-03            3.5824  (  47.48%)
--------------------------------------------------------------------------------------------------
Total              4.4486 mW         3.0946 mW     1.4915e-03 mW         7.5446 mW
1
