 
****************************************
Report : area
Design : aes_cipher_top
Version: V-2023.12-SP1
Date   : Tue Mar 25 17:42:50 2025
****************************************

Information: Updating design information... (UID-85)
Library(s) Used:

    CORE65LPSVT (File: /export/home/stud/s337217/WORK_SYNTHESIS/tech/STcmos65/CORE65LPSVT_wc_1.10V_125C.db)

Number of ports:                          388
Number of nets:                          9487
Number of cells:                         9228
Number of combinational cells:           8698
Number of sequential cells:               530
Number of macros/black boxes:               0
Number of buf/inv:                       1162
Number of references:                     150

Combinational area:              28475.719559
Buf/Inv area:                     1864.719932
Noncombinational area:            4587.440077
Macro/Black Box area:                0.000000
Net Interconnect area:      undefined  (Wire load has zero net area)

Total cell area:                 33063.159636
Total area:                 undefined
1
