 
****************************************
Report : area
Design : aes_cipher_top
Version: V-2023.12-SP1
Date   : Tue Mar 25 17:38:25 2025
****************************************

Information: Updating design information... (UID-85)
Library(s) Used:

    CORE65LPSVT (File: /export/home/stud/s337217/WORK_SYNTHESIS/tech/STcmos65/CORE65LPSVT_wc_1.10V_125C.db)

Number of ports:                          388
Number of nets:                          9591
Number of cells:                         9332
Number of combinational cells:           8533
Number of sequential cells:               799
Number of macros/black boxes:               0
Number of buf/inv:                       1077
Number of references:                      91

Combinational area:              27792.439609
Buf/Inv area:                     1687.399938
Noncombinational area:            6634.680138
Macro/Black Box area:                0.000000
Net Interconnect area:      undefined  (Wire load has zero net area)

Total cell area:                 34427.119747
Total area:                 undefined
1
