Loading db file '/export/home/stud/s337217/WORK_SYNTHESIS/tech/STcmos65/CORE65LPSVT_bc_1.30V_m40C.db'
Information: Propagating switching activity (low effort zero delay simulation). (PWR-6)
Warning: Design has unannotated primary inputs. (PWR-414)
Warning: Design has unannotated sequential cell outputs. (PWR-415)
 
****************************************
Report : power
        -analysis_effort low
Design : aes_cipher_top
Version: V-2023.12-SP1
Date   : Tue Mar 25 17:25:45 2025
****************************************


Library(s) Used:

    CORE65LPSVT (File: /export/home/stud/s337217/WORK_SYNTHESIS/tech/STcmos65/CORE65LPSVT_bc_1.30V_m40C.db)


Operating Conditions: bc_1.30V_m40C   Library: CORE65LPSVT
Wire Load Model Mode: enclosed

Design        Wire Load Model            Library
------------------------------------------------
aes_cipher_top         area_12Kto18K     CORE65LPSVT


Global Operating Voltage = 1.3  
Power-specific unit information :
    Voltage Units = 1V
    Capacitance Units = 1.000000pf
    Time Units = 1ns
    Dynamic Power Units = 1mW    (derived from V,C,T units)
    Leakage Power Units = 1mW


Attributes
----------
i - Including register clock pin internal power


  Cell Internal Power  =  12.5697 mW   (53%)
  Net Switching Power  =  11.3092 mW   (47%)
                         ---------
Total Dynamic Power    =  23.8789 mW  (100%)

Cell Leakage Power     = 759.6036 nW


                 Internal         Switching           Leakage            Total
Power Group      Power            Power               Power              Power   (   %    )  Attrs
--------------------------------------------------------------------------------------------------
io_pad             0.0000            0.0000            0.0000            0.0000  (   0.00%)
memory             0.0000            0.0000            0.0000            0.0000  (   0.00%)
black_box          0.0000            0.0000            0.0000            0.0000  (   0.00%)
clock_network      5.5502            0.0000            0.0000            5.5502  (  23.24%)  i
register           2.4749            3.7030        1.4756e-04            6.1780  (  25.87%)
sequential         0.0000            0.0000            0.0000            0.0000  (   0.00%)
combinational      4.5446            7.6062        6.1205e-04           12.1514  (  50.89%)
--------------------------------------------------------------------------------------------------
Total             12.5697 mW        11.3092 mW     7.5960e-04 mW        23.8797 mW
1
