 
****************************************
Report : power
        -analysis_effort low
Design : aes_cipher_top
Version: V-2023.12-SP1
Date   : Tue Mar 25 18:01:15 2025
****************************************


Library(s) Used:

    CORE65LPSVT (File: /export/home/stud/s337217/WORK_SYNTHESIS/tech/STcmos65/CORE65LPSVT_wc_1.10V_125C.db)


Operating Conditions: wc_1.10V_125C   Library: CORE65LPSVT
Wire Load Model Mode: enclosed

Design        Wire Load Model            Library
------------------------------------------------
aes_cipher_top         area_12Kto18K     CORE65LPSVT


Global Operating Voltage = 1.1  
Power-specific unit information :
    Voltage Units = 1V
    Capacitance Units = 1.000000pf
    Time Units = 1ns
    Dynamic Power Units = 1mW    (derived from V,C,T units)
    Leakage Power Units = 1mW


Attributes
----------
i - Including register clock pin internal power


  Cell Internal Power  =  26.5331 mW   (59%)
  Net Switching Power  =  18.1466 mW   (41%)
                         ---------
Total Dynamic Power    =  44.6797 mW  (100%)

Cell Leakage Power     =  87.7571 uW


                 Internal         Switching           Leakage            Total
Power Group      Power            Power               Power              Power   (   %    )  Attrs
--------------------------------------------------------------------------------------------------
io_pad             0.0000            0.0000            0.0000            0.0000  (   0.00%)
memory             0.0000            0.0000            0.0000            0.0000  (   0.00%)
black_box          0.0000            0.0000            0.0000            0.0000  (   0.00%)
clock_network      8.7009            0.0000            0.0000            8.7009  (  19.44%)  i
register           3.0758            1.3493        8.5690e-03            4.4337  (   9.90%)
sequential         0.0000            0.0000            0.0000            0.0000  (   0.00%)
combinational     14.7564           16.7972        7.9188e-02           31.6327  (  70.66%)
--------------------------------------------------------------------------------------------------
Total             26.5331 mW        18.1465 mW     8.7757e-02 mW        44.7673 mW
1
