 
****************************************
Report : area
Design : aes_cipher_top
Version: V-2023.12-SP1
Date   : Tue Mar 25 18:01:14 2025
****************************************

Information: Updating design information... (UID-85)
Library(s) Used:

    CORE65LPSVT (File: /export/home/stud/s337217/WORK_SYNTHESIS/tech/STcmos65/CORE65LPSVT_wc_1.10V_125C.db)

Number of ports:                          388
Number of nets:                         14713
Number of cells:                        14454
Number of combinational cells:          13360
Number of sequential cells:              1094
Number of macros/black boxes:               0
Number of buf/inv:                       2843
Number of references:                     353

Combinational area:              58682.519187
Buf/Inv area:                     7255.559819
Noncombinational area:            9083.880152
Macro/Black Box area:                0.000000
Net Interconnect area:      undefined  (Wire load has zero net area)

Total cell area:                 67766.399339
Total area:                 undefined
1
