 
****************************************
Report : power
        -analysis_effort low
Design : aes_cipher_top
Version: V-2023.12-SP1
Date   : Tue Mar 25 16:26:21 2025
****************************************


Library(s) Used:

    CORE65LPSVT (File: /export/home/stud/s337217/WORK_SYNTHESIS/tech/STcmos65/CORE65LPSVT_nom_1.20V_25C.db)


Operating Conditions: nom_1.20V_25C   Library: CORE65LPSVT
Wire Load Model Mode: enclosed

Design        Wire Load Model            Library
------------------------------------------------
aes_cipher_top         area_12Kto18K     CORE65LPSVT


Global Operating Voltage = 1.2  
Power-specific unit information :
    Voltage Units = 1V
    Capacitance Units = 1.000000pf
    Time Units = 1ns
    Dynamic Power Units = 1mW    (derived from V,C,T units)
    Leakage Power Units = 1mW


Attributes
----------
i - Including register clock pin internal power


  Cell Internal Power  =   3.3309 mW   (59%)
  Net Switching Power  =   2.3170 mW   (41%)
                         ---------
Total Dynamic Power    =   5.6479 mW  (100%)

Cell Leakage Power     =   1.4878 uW


                 Internal         Switching           Leakage            Total
Power Group      Power            Power               Power              Power   (   %    )  Attrs
--------------------------------------------------------------------------------------------------
io_pad             0.0000            0.0000            0.0000            0.0000  (   0.00%)
memory             0.0000            0.0000            0.0000            0.0000  (   0.00%)
black_box          0.0000            0.0000            0.0000            0.0000  (   0.00%)
clock_network      1.8908            0.0000            0.0000            1.8908  (  33.47%)  i
register           0.6529            0.4227        4.7006e-04            1.0761  (  19.05%)
sequential         0.0000            0.0000            0.0000            0.0000  (   0.00%)
combinational      0.7871            1.8943        1.0178e-03            2.6825  (  47.48%)
--------------------------------------------------------------------------------------------------
Total              3.3309 mW         2.3170 mW     1.4878e-03 mW         5.6494 mW
1
