 
****************************************
Report : area
Design : aes_cipher_top
Version: V-2023.12-SP1
Date   : Tue Mar 25 16:26:21 2025
****************************************

Information: Updating design information... (UID-85)
Library(s) Used:

    CORE65LPSVT (File: /export/home/stud/s337217/WORK_SYNTHESIS/tech/STcmos65/CORE65LPSVT_nom_1.20V_25C.db)

Number of ports:                          388
Number of nets:                          9530
Number of cells:                         9271
Number of combinational cells:           8444
Number of sequential cells:               827
Number of macros/black boxes:               0
Number of buf/inv:                       1136
Number of references:                      70

Combinational area:              27632.799617
Buf/Inv area:                     1805.439934
Noncombinational area:            6585.800128
Macro/Black Box area:                0.000000
Net Interconnect area:      undefined  (Wire load has zero net area)

Total cell area:                 34218.599745
Total area:                 undefined
1
