 
****************************************
Report : power
        -analysis_effort low
Design : aes_cipher_top
Version: V-2023.12-SP1
Date   : Tue Mar 25 17:12:28 2025
****************************************


Library(s) Used:

    CORE65LPSVT (File: /export/home/stud/s337217/WORK_SYNTHESIS/tech/STcmos65/CORE65LPSVT_bc_1.30V_m40C.db)


Operating Conditions: bc_1.30V_m40C   Library: CORE65LPSVT
Wire Load Model Mode: enclosed

Design        Wire Load Model            Library
------------------------------------------------
aes_cipher_top         area_12Kto18K     CORE65LPSVT


Global Operating Voltage = 1.3  
Power-specific unit information :
    Voltage Units = 1V
    Capacitance Units = 1.000000pf
    Time Units = 1ns
    Dynamic Power Units = 1mW    (derived from V,C,T units)
    Leakage Power Units = 1mW


Attributes
----------
i - Including register clock pin internal power


  Cell Internal Power  =   3.8860 mW   (59%)
  Net Switching Power  =   2.7413 mW   (41%)
                         ---------
Total Dynamic Power    =   6.6272 mW  (100%)

Cell Leakage Power     = 592.5413 nW


                 Internal         Switching           Leakage            Total
Power Group      Power            Power               Power              Power   (   %    )  Attrs
--------------------------------------------------------------------------------------------------
io_pad             0.0000            0.0000            0.0000            0.0000  (   0.00%)
memory             0.0000            0.0000            0.0000            0.0000  (   0.00%)
black_box          0.0000            0.0000            0.0000            0.0000  (   0.00%)
clock_network      2.1078            0.0000            0.0000            2.1078  (  31.80%)  i
register           0.8856            0.4597        1.8136e-04            1.3456  (  20.30%)
sequential         0.0000            0.0000            0.0000            0.0000  (   0.00%)
combinational      0.8925            2.2815        4.1118e-04            3.1744  (  47.90%)
--------------------------------------------------------------------------------------------------
Total              3.8860 mW         2.7413 mW     5.9254e-04 mW         6.6278 mW
1
