Loading db file '/export/home/stud/s337217/WORK_SYNTHESIS/tech/STcmos65/CORE65LPSVT_nom_1.20V_25C.db'
Information: Propagating switching activity (low effort zero delay simulation). (PWR-6)
Warning: Design has unannotated primary inputs. (PWR-414)
Warning: Design has unannotated sequential cell outputs. (PWR-415)
 
****************************************
Report : power
        -analysis_effort low
Design : aes_cipher_top
Version: V-2023.12-SP1
Date   : Tue Mar 25 16:41:21 2025
****************************************


Library(s) Used:

    CORE65LPSVT (File: /export/home/stud/s337217/WORK_SYNTHESIS/tech/STcmos65/CORE65LPSVT_nom_1.20V_25C.db)


Operating Conditions: nom_1.20V_25C   Library: CORE65LPSVT
Wire Load Model Mode: enclosed

Design        Wire Load Model            Library
------------------------------------------------
aes_cipher_top         area_12Kto18K     CORE65LPSVT


Global Operating Voltage = 1.2  
Power-specific unit information :
    Voltage Units = 1V
    Capacitance Units = 1.000000pf
    Time Units = 1ns
    Dynamic Power Units = 1mW    (derived from V,C,T units)
    Leakage Power Units = 1mW


Attributes
----------
i - Including register clock pin internal power


  Cell Internal Power  =  17.8038 mW   (55%)
  Net Switching Power  =  14.2880 mW   (45%)
                         ---------
Total Dynamic Power    =  32.0918 mW  (100%)

Cell Leakage Power     =   4.6304 uW


                 Internal         Switching           Leakage            Total
Power Group      Power            Power               Power              Power   (   %    )  Attrs
--------------------------------------------------------------------------------------------------
io_pad             0.0000            0.0000            0.0000            0.0000  (   0.00%)
memory             0.0000            0.0000            0.0000            0.0000  (   0.00%)
black_box          0.0000            0.0000            0.0000            0.0000  (   0.00%)
clock_network      4.8534            0.0000            0.0000            4.8534  (  15.12%)  i
register           2.5010            3.3127        4.2823e-04            5.8141  (  18.11%)
sequential         0.0000            0.0000            0.0000            0.0000  (   0.00%)
combinational     10.4495           10.9753        4.2022e-03           21.4289  (  66.76%)
--------------------------------------------------------------------------------------------------
Total             17.8039 mW        14.2880 mW     4.6304e-03 mW        32.0964 mW
1
